{
  "stats": {
    "suites": 1,
    "tests": 2,
    "passes": 2,
    "pending": 0,
    "failures": 0,
    "testsRegistered": 2,
    "passPercent": 100,
    "pendingPercent": 0,
    "other": 0,
    "hasOther": false,
    "skipped": 0,
    "hasSkipped": false,
    "start": "2024-03-31T05:44:41.637Z",
    "end": "2024-03-31T05:44:52.216Z",
    "duration": 10579
  },
  "results": [
    {
      "uuid": "ac2ba452-74f0-4165-b082-5001f1a54380",
      "title": "",
      "fullFile": "cypress\\e2e\\login.cy.js",
      "file": "cypress\\e2e\\login.cy.js",
      "beforeHooks": [],
      "afterHooks": [],
      "tests": [],
      "suites": [
        {
          "uuid": "a79e2785-88d4-47ba-8360-243cb3e50c71",
          "title": "Login Test cases",
          "fullFile": "",
          "file": "",
          "beforeHooks": [],
          "afterHooks": [],
          "tests": [
            {
              "title": "login failed",
              "fullTitle": "Login Test cases login failed",
              "timedOut": null,
              "duration": 6583,
              "state": "passed",
              "speed": "medium",
              "pass": true,
              "fail": false,
              "pending": false,
              "context": null,
              "code": "login.enterUsername(this.userData.invalidUsername);\nlogin.enterPassword(this.userData.invalidPassword);\nlogin.clickLogin();\nlogin.getErrorMessage().should('have.text', login.errorMessageText());",
              "err": {},
              "uuid": "4e46e268-1713-4053-b98c-63df34390053",
              "parentUUID": "a79e2785-88d4-47ba-8360-243cb3e50c71",
              "isHook": false,
              "skipped": false
            },
            {
              "title": "login success",
              "fullTitle": "Login Test cases login success",
              "timedOut": null,
              "duration": 3886,
              "state": "passed",
              "speed": "fast",
              "pass": true,
              "fail": false,
              "pending": false,
              "context": null,
              "code": "login.enterUsername(this.userData.username);\nlogin.enterPassword(this.userData.password);\nlogin.clickLogin();\ndashboard.getBanner().should('be.visible');\ndashboard.getHeader().should('have.text', dashboard.getDashboardText());",
              "err": {},
              "uuid": "5d91d4ed-92d8-4cd7-a4c8-37105cac8f64",
              "parentUUID": "a79e2785-88d4-47ba-8360-243cb3e50c71",
              "isHook": false,
              "skipped": false
            }
          ],
          "suites": [],
          "passes": [
            "4e46e268-1713-4053-b98c-63df34390053",
            "5d91d4ed-92d8-4cd7-a4c8-37105cac8f64"
          ],
          "failures": [],
          "pending": [],
          "skipped": [],
          "duration": 10469,
          "root": false,
          "rootEmpty": false,
          "_timeout": 2000
        }
      ],
      "passes": [],
      "failures": [],
      "pending": [],
      "skipped": [],
      "duration": 0,
      "root": true,
      "rootEmpty": true,
      "_timeout": 2000
    }
  ],
  "meta": {
    "mocha": {
      "version": "7.0.1"
    },
    "mochawesome": {
      "options": {
        "quiet": false,
        "reportFilename": "mochawesome",
        "saveHtml": false,
        "saveJson": true,
        "consoleReporter": "spec",
        "useInlineDiffs": false,
        "code": true
      },
      "version": "7.1.3"
    },
    "marge": {
      "options": {
        "charts": true,
        "overwrite": false,
        "html": false,
        "json": true,
        "reportDir": "cypress/results/"
      },
      "version": "6.2.0"
    }
  }
}