{
  "stats": {
    "suites": 1,
    "tests": 2,
    "passes": 2,
    "pending": 0,
    "failures": 0,
    "testsRegistered": 2,
    "passPercent": 100,
    "pendingPercent": 0,
    "other": 0,
    "hasOther": false,
    "skipped": 0,
    "hasSkipped": false,
    "start": "2024-04-17T04:19:26.935Z",
    "end": "2024-04-17T04:19:38.788Z",
    "duration": 11853
  },
  "results": [
    {
      "uuid": "b4ce1682-eb9d-4e01-9188-420415014bdb",
      "title": "",
      "fullFile": "cypress\\e2e\\login.cy.js",
      "file": "cypress\\e2e\\login.cy.js",
      "beforeHooks": [],
      "afterHooks": [],
      "tests": [],
      "suites": [
        {
          "uuid": "1f46c6f2-24d3-44c9-bbac-cb1bae26f5b6",
          "title": "Login Test cases",
          "fullFile": "",
          "file": "",
          "beforeHooks": [],
          "afterHooks": [],
          "tests": [
            {
              "title": "login failed",
              "fullTitle": "Login Test cases login failed",
              "timedOut": null,
              "duration": 6843,
              "state": "passed",
              "speed": "medium",
              "pass": true,
              "fail": false,
              "pending": false,
              "context": null,
              "code": "login.enterUsername(this.userData.invalidUsername);\nlogin.enterPassword(this.userData.invalidPassword);\nlogin.clickLogin();\nlogin.getErrorMessage().should('have.text', login.errorMessageText());",
              "err": {},
              "uuid": "295b1b44-bd32-4a05-a58b-d95b455013c4",
              "parentUUID": "1f46c6f2-24d3-44c9-bbac-cb1bae26f5b6",
              "isHook": false,
              "skipped": false
            },
            {
              "title": "login success",
              "fullTitle": "Login Test cases login success",
              "timedOut": null,
              "duration": 4844,
              "state": "passed",
              "speed": "fast",
              "pass": true,
              "fail": false,
              "pending": false,
              "context": null,
              "code": "login.enterUsername(this.userData.username);\nlogin.enterPassword(this.userData.password);\nlogin.clickLogin();\ndashboard.getBanner().should('be.visible');\ndashboard.getHeader().should('have.text', dashboard.getDashboardText());",
              "err": {},
              "uuid": "c7b19766-57c2-44ee-80be-7137cfe3ee66",
              "parentUUID": "1f46c6f2-24d3-44c9-bbac-cb1bae26f5b6",
              "isHook": false,
              "skipped": false
            }
          ],
          "suites": [],
          "passes": [
            "295b1b44-bd32-4a05-a58b-d95b455013c4",
            "c7b19766-57c2-44ee-80be-7137cfe3ee66"
          ],
          "failures": [],
          "pending": [],
          "skipped": [],
          "duration": 11687,
          "root": false,
          "rootEmpty": false,
          "_timeout": 2000
        }
      ],
      "passes": [],
      "failures": [],
      "pending": [],
      "skipped": [],
      "duration": 0,
      "root": true,
      "rootEmpty": true,
      "_timeout": 2000
    }
  ],
  "meta": {
    "mocha": {
      "version": "7.0.1"
    },
    "mochawesome": {
      "options": {
        "quiet": false,
        "reportFilename": "mochawesome",
        "saveHtml": false,
        "saveJson": true,
        "consoleReporter": "spec",
        "useInlineDiffs": false,
        "code": true
      },
      "version": "7.1.3"
    },
    "marge": {
      "options": {
        "charts": true,
        "overwrite": false,
        "html": false,
        "json": true,
        "reportDir": "cypress/results/"
      },
      "version": "6.2.0"
    }
  }
}